Created/Overwrote state file: ../../state.csv
[==========] Running 4 tests from 1 test suite.
[----------] Global test environment set-up.
[----------] 4 tests from SensorsDataConfigTest
[ RUN      ] SensorsDataConfigTest.TestCSVInitialization
Creating sensors subscriptions
ROS2 StateSaver start running
here
[       OK ] SensorsDataConfigTest.TestCSVInitialization (135 ms)
[ RUN      ] SensorsDataConfigTest.TestDepthPressureCallback
Creating sensors subscriptions
ROS2 StateSaver start running.  Please wait for 3 seconds
[       OK ] SensorsDataConfigTest.TestDepthPressureCallback (2028 ms)
[ RUN      ] SensorsDataConfigTest.TestIMUCallback
Creating sensors subscriptions
ROS2 StateSaver start running. Please wait for 3 seconds
[       OK ] SensorsDataConfigTest.TestIMUCallback (2033 ms)
[ RUN      ] SensorsDataConfigTest.IntentionalWaiting
THIS TEST IS MEANT TO BE STUCK/APPEAR FROZEN. After a while, please hit Control-C two times.
Creating sensors subscriptions
ROS2 StateSaver running
Shutting Down
